#
# There is insufficient memory for the Java Runtime Environment to continue.
# Native memory allocation (malloc) failed to allocate 3661136 bytes for Chunk::new
# Possible reasons:
#   The system is out of physical RAM or swap space
#   The process is running with CompressedOops enabled, and the Java Heap may be blocking the growth of the native heap
# Possible solutions:
#   Reduce memory load on the system
#   Increase physical memory or swap space
#   Check if swap backing store is full
#   Decrease Java heap size (-Xmx/-Xms)
#   Decrease number of Java threads
#   Decrease Java thread stack sizes (-Xss)
#   Set larger code cache with -XX:ReservedCodeCacheSize=
#   JVM is running with Unscaled Compressed Oops mode in which the Java heap is
#     placed in the first 4GB address space. The Java Heap base address is the
#     maximum limit for the native heap growth. Please use -XX:HeapBaseMinAddress
#     to set the Java Heap base and to place the Java Heap above 4GB virtual address.
# This output file may be truncated or incomplete.
#
#  Out of Memory Error (arena.cpp:189), pid=19256, tid=18840
#
# JRE version: Java(TM) SE Runtime Environment (17.0.6+9) (build 17.0.6+9-LTS-190)
# Java VM: Java HotSpot(TM) 64-Bit Server VM (17.0.6+9-LTS-190, mixed mode, sharing, tiered, compressed oops, compressed class ptrs, g1 gc, windows-amd64)
# No core dump will be written. Minidumps are not enabled by default on client versions of Windows
#

---------------  S U M M A R Y ------------

Command Line: -agentlib:jdwp=transport=dt_socket,address=127.0.0.1:51554,suspend=y,server=n -javaagent:C:\Users\TGDD\AppData\Local\JetBrains\IdeaIE2022.2\captureAgent\debugger-agent.jar -Dfile.encoding=UTF-8 com.poly.WebBanTiViApplication

Host: 11th Gen Intel(R) Core(TM) i5-1135G7 @ 2.40GHz, 8 cores, 7G,  Windows 11 , 64 bit Build 22621 (10.0.22621.2506)
Time: Mon Jan 15 23:56:20 2024 SE Asia Standard Time elapsed time: 36.690892 seconds (0d 0h 0m 36s)

---------------  T H R E A D  ---------------

Current thread (0x0000020910106890):  JavaThread "C2 CompilerThread1" daemon [_thread_in_native, id=18840, stack(0x0000009bb3400000,0x0000009bb3500000)]


Current CompileTask:
C2:  36691 10471   !   4       java.lang.reflect.Executable::declaredAnnotations (85 bytes)

Stack: [0x0000009bb3400000,0x0000009bb3500000]
Native frames: (J=compiled Java code, j=interpreted, Vv=VM code, C=native code)
V  [jvm.dll+0x6734ea]
V  [jvm.dll+0x7d18f4]
V  [jvm.dll+0x7d309e]
V  [jvm.dll+0x7d3703]
V  [jvm.dll+0x2433c5]
V  [jvm.dll+0xaa46b]
V  [jvm.dll+0xaaa0c]
V  [jvm.dll+0x35eadf]
V  [jvm.dll+0x1b986a]
V  [jvm.dll+0x215f37]
V  [jvm.dll+0x215211]
V  [jvm.dll+0x1a1730]
V  [jvm.dll+0x224b6e]
V  [jvm.dll+0x222f15]
V  [jvm.dll+0x78753c]
V  [jvm.dll+0x781a7a]
V  [jvm.dll+0x672375]
C  [ucrtbase.dll+0x29363]
C  [KERNEL32.DLL+0x1257d]
C  [ntdll.dll+0x5aa58]


---------------  P R O C E S S  ---------------

Threads class SMR info:
_java_thread_list=0x0000020907ee04e0, length=35, elements={
0x000002097fb79110, 0x000002097fb79ac0, 0x000002097fb8ec00, 0x000002097fb8f4c0,
0x000002097fb92190, 0x000002097fb93a00, 0x000002097fb95c70, 0x000002097fb96fd0,
0x000002097fba3210, 0x000002090497acb0, 0x0000020904a54d00, 0x0000020904a599b0,
0x0000020904a6a570, 0x0000020904ad9f90, 0x0000020908ef1050, 0x0000020908eeccf0,
0x0000020908ef3200, 0x0000020908ef1520, 0x0000020908ef19f0, 0x0000020908eed690,
0x0000020908eef370, 0x0000020908ef06b0, 0x0000020908eedb60, 0x0000020908ef0b80,
0x0000020908ef2390, 0x0000020908eee030, 0x0000020908eee500, 0x0000020908ef2860,
0x0000020908eeeea0, 0x0000020908ef2d30, 0x0000020908ef3ba0, 0x0000020908eec820,
0x0000020908eec350, 0x0000020906184ac0, 0x0000020910106890
}

Java Threads: ( => current thread )
  0x000002097fb79110 JavaThread "Reference Handler" daemon [_thread_blocked, id=6916, stack(0x0000009bb1c00000,0x0000009bb1d00000)]
  0x000002097fb79ac0 JavaThread "Finalizer" daemon [_thread_blocked, id=19372, stack(0x0000009bb1d00000,0x0000009bb1e00000)]
  0x000002097fb8ec00 JavaThread "Signal Dispatcher" daemon [_thread_blocked, id=17728, stack(0x0000009bb1e00000,0x0000009bb1f00000)]
  0x000002097fb8f4c0 JavaThread "Attach Listener" daemon [_thread_blocked, id=13440, stack(0x0000009bb1f00000,0x0000009bb2000000)]
  0x000002097fb92190 JavaThread "Service Thread" daemon [_thread_blocked, id=12828, stack(0x0000009bb2000000,0x0000009bb2100000)]
  0x000002097fb93a00 JavaThread "Monitor Deflation Thread" daemon [_thread_blocked, id=14836, stack(0x0000009bb2100000,0x0000009bb2200000)]
  0x000002097fb95c70 JavaThread "C2 CompilerThread0" daemon [_thread_in_native, id=11100, stack(0x0000009bb2200000,0x0000009bb2300000)]
  0x000002097fb96fd0 JavaThread "C1 CompilerThread0" daemon [_thread_blocked, id=2012, stack(0x0000009bb2300000,0x0000009bb2400000)]
  0x000002097fba3210 JavaThread "Sweeper thread" daemon [_thread_blocked, id=16564, stack(0x0000009bb2400000,0x0000009bb2500000)]
  0x000002090497acb0 JavaThread "Common-Cleaner" daemon [_thread_blocked, id=9792, stack(0x0000009bb2500000,0x0000009bb2600000)]
  0x0000020904a54d00 JavaThread "JDWP Transport Listener: dt_socket" daemon [_thread_blocked, id=14644, stack(0x0000009bb2700000,0x0000009bb2800000)]
  0x0000020904a599b0 JavaThread "JDWP Event Helper Thread" daemon [_thread_blocked, id=17332, stack(0x0000009bb2800000,0x0000009bb2900000)]
  0x0000020904a6a570 JavaThread "JDWP Command Reader" daemon [_thread_in_native, id=18140, stack(0x0000009bb2900000,0x0000009bb2a00000)]
  0x0000020904ad9f90 JavaThread "Notification Thread" daemon [_thread_blocked, id=18716, stack(0x0000009bb2a00000,0x0000009bb2b00000)]
  0x0000020908ef1050 JavaThread "Catalina-utility-1" [_thread_blocked, id=11316, stack(0x0000009bb3900000,0x0000009bb3a00000)]
  0x0000020908eeccf0 JavaThread "Catalina-utility-2" [_thread_blocked, id=13996, stack(0x0000009bb3a00000,0x0000009bb3b00000)]
  0x0000020908ef3200 JavaThread "container-0" [_thread_blocked, id=11180, stack(0x0000009bb3b00000,0x0000009bb3c00000)]
  0x0000020908ef1520 JavaThread "mssql-jdbc-shared-timer-core-0" daemon [_thread_blocked, id=10172, stack(0x0000009bb3d00000,0x0000009bb3e00000)]
  0x0000020908ef19f0 JavaThread "HikariPool-1 housekeeper" daemon [_thread_blocked, id=18480, stack(0x0000009bb3e00000,0x0000009bb3f00000)]
  0x0000020908eed690 JavaThread "File Watcher" daemon [_thread_blocked, id=9944, stack(0x0000009bb3600000,0x0000009bb3700000)]
  0x0000020908eef370 JavaThread "Live Reload Server" daemon [_thread_in_native, id=13860, stack(0x0000009bb3f00000,0x0000009bb4000000)]
  0x0000020908ef06b0 JavaThread "http-nio-8080-exec-1" daemon [_thread_blocked, id=4928, stack(0x0000009bb4000000,0x0000009bb4100000)]
  0x0000020908eedb60 JavaThread "http-nio-8080-exec-2" daemon [_thread_blocked, id=4644, stack(0x0000009bb4100000,0x0000009bb4200000)]
  0x0000020908ef0b80 JavaThread "http-nio-8080-exec-3" daemon [_thread_blocked, id=992, stack(0x0000009bb4200000,0x0000009bb4300000)]
  0x0000020908ef2390 JavaThread "http-nio-8080-exec-4" daemon [_thread_blocked, id=4348, stack(0x0000009bb4300000,0x0000009bb4400000)]
  0x0000020908eee030 JavaThread "http-nio-8080-exec-5" daemon [_thread_blocked, id=19076, stack(0x0000009bb4400000,0x0000009bb4500000)]
  0x0000020908eee500 JavaThread "http-nio-8080-exec-6" daemon [_thread_blocked, id=16788, stack(0x0000009bb4500000,0x0000009bb4600000)]
  0x0000020908ef2860 JavaThread "http-nio-8080-exec-7" daemon [_thread_blocked, id=18700, stack(0x0000009bb4600000,0x0000009bb4700000)]
  0x0000020908eeeea0 JavaThread "http-nio-8080-exec-8" daemon [_thread_blocked, id=11752, stack(0x0000009bb4700000,0x0000009bb4800000)]
  0x0000020908ef2d30 JavaThread "http-nio-8080-exec-9" daemon [_thread_blocked, id=8684, stack(0x0000009bb4800000,0x0000009bb4900000)]
  0x0000020908ef3ba0 JavaThread "http-nio-8080-exec-10" daemon [_thread_blocked, id=15376, stack(0x0000009bb4900000,0x0000009bb4a00000)]
  0x0000020908eec820 JavaThread "http-nio-8080-Poller" daemon [_thread_in_native, id=7660, stack(0x0000009bb4a00000,0x0000009bb4b00000)]
  0x0000020908eec350 JavaThread "http-nio-8080-Acceptor" daemon [_thread_in_native, id=11880, stack(0x0000009bb4b00000,0x0000009bb4c00000)]
  0x0000020906184ac0 JavaThread "DestroyJavaVM" [_thread_blocked, id=16044, stack(0x0000009bb1500000,0x0000009bb1600000)]
=>0x0000020910106890 JavaThread "C2 CompilerThread1" daemon [_thread_in_native, id=18840, stack(0x0000009bb3400000,0x0000009bb3500000)]

Other Threads:
  0x000002097fb74fe0 VMThread "VM Thread" [stack: 0x0000009bb1b00000,0x0000009bb1c00000] [id=6692]
  0x0000020965b3c930 WatcherThread [stack: 0x0000009bb2b00000,0x0000009bb2c00000] [id=1072]
  0x0000020965b21ee0 GCTaskThread "GC Thread#0" [stack: 0x0000009bb1600000,0x0000009bb1700000] [id=17084]
  0x0000020905990d20 GCTaskThread "GC Thread#1" [stack: 0x0000009bb2c00000,0x0000009bb2d00000] [id=16600]
  0x00000209054f8660 GCTaskThread "GC Thread#2" [stack: 0x0000009bb2d00000,0x0000009bb2e00000] [id=16776]
  0x00000209054db8e0 GCTaskThread "GC Thread#3" [stack: 0x0000009bb2e00000,0x0000009bb2f00000] [id=17492]
  0x00000209054dbfa0 GCTaskThread "GC Thread#4" [stack: 0x0000009bb2f00000,0x0000009bb3000000] [id=17436]
  0x00000209054dc660 GCTaskThread "GC Thread#5" [stack: 0x0000009bb3000000,0x0000009bb3100000] [id=10008]
  0x00000209054c4cf0 GCTaskThread "GC Thread#6" [stack: 0x0000009bb3100000,0x0000009bb3200000] [id=10016]
  0x00000209054c57b0 GCTaskThread "GC Thread#7" [stack: 0x0000009bb3200000,0x0000009bb3300000] [id=18304]
  0x0000020965b33670 ConcurrentGCThread "G1 Main Marker" [stack: 0x0000009bb1700000,0x0000009bb1800000] [id=14860]
  0x0000020965b35fa0 ConcurrentGCThread "G1 Conc#0" [stack: 0x0000009bb1800000,0x0000009bb1900000] [id=2448]
  0x0000020905b4b350 ConcurrentGCThread "G1 Conc#1" [stack: 0x0000009bb3500000,0x0000009bb3600000] [id=12624]
  0x000002097fa334e0 ConcurrentGCThread "G1 Refine#0" [stack: 0x0000009bb1900000,0x0000009bb1a00000] [id=18712]
  0x0000020906219730 ConcurrentGCThread "G1 Refine#1" [stack: 0x0000009bb3700000,0x0000009bb3800000] [id=1936]
  0x0000020906219a10 ConcurrentGCThread "G1 Refine#2" [stack: 0x0000009bb3800000,0x0000009bb3900000] [id=724]
  0x000002097fa33e00 ConcurrentGCThread "G1 Service" [stack: 0x0000009bb1a00000,0x0000009bb1b00000] [id=14872]

Threads with active compile tasks:
C2 CompilerThread0    36731 10937       4       jdk.internal.loader.URLClassPath::findResource (38 bytes)
C2 CompilerThread1    36731 10471   !   4       java.lang.reflect.Executable::declaredAnnotations (85 bytes)

VM state: not at safepoint (normal execution)

VM Mutex/Monitor currently owned by a thread: None

Heap address: 0x0000000083600000, size: 1994 MB, Compressed Oops mode: 32-bit

CDS archive(s) mapped at: [0x0000000800000000-0x0000000800bd0000-0x0000000800bd0000), size 12386304, SharedBaseAddress: 0x0000000800000000, ArchiveRelocationMode: 0.
Compressed class space mapped at: 0x0000000800c00000-0x0000000840c00000, reserved size: 1073741824
Narrow klass base: 0x0000000800000000, Narrow klass shift: 0, Narrow klass range: 0x100000000

GC Precious Log:
 CPUs: 8 total, 8 available
 Memory: 7975M
 Large Page Support: Disabled
 NUMA Support: Disabled
 Compressed Oops: Enabled (32-bit)
 Heap Region Size: 1M
 Heap Min Capacity: 8M
 Heap Initial Capacity: 126M
 Heap Max Capacity: 1994M
 Pre-touch: Disabled
 Parallel Workers: 8
 Concurrent Workers: 2
 Concurrent Refinement Workers: 8
 Periodic GC: Disabled

Heap:
 garbage-first heap   total 215040K, used 57971K [0x0000000083600000, 0x0000000100000000)
  region size 1024K, 6 young (6144K), 1 survivors (1024K)
 Metaspace       used 85166K, committed 85888K, reserved 1130496K
  class space    used 11362K, committed 11712K, reserved 1048576K

Heap Regions: E=young(eden), S=young(survivor), O=old, HS=humongous(starts), HC=humongous(continues), CS=collection set, F=free, OA=open archive, CA=closed archive, TAMS=top-at-mark-start (previous, next)
|   0|0x0000000083600000, 0x0000000083700000, 0x0000000083700000|100%|HS|  |TAMS 0x0000000083700000, 0x0000000083600000| Complete 
|   1|0x0000000083700000, 0x0000000083800000, 0x0000000083800000|100%|HS|  |TAMS 0x0000000083800000, 0x0000000083700000| Complete 
|   2|0x0000000083800000, 0x00000000838e9a00, 0x0000000083900000| 91%| O|  |TAMS 0x00000000838e9a00, 0x0000000083800000| Untracked 
|   3|0x0000000083900000, 0x0000000083a00000, 0x0000000083a00000|100%| O|  |TAMS 0x0000000083a00000, 0x0000000083900000| Untracked 
|   4|0x0000000083a00000, 0x0000000083b00000, 0x0000000083b00000|100%| O|  |TAMS 0x0000000083b00000, 0x0000000083a00000| Untracked 
|   5|0x0000000083b00000, 0x0000000083c00000, 0x0000000083c00000|100%| O|  |TAMS 0x0000000083c00000, 0x0000000083b00000| Untracked 
|   6|0x0000000083c00000, 0x0000000083d00000, 0x0000000083d00000|100%| O|  |TAMS 0x0000000083d00000, 0x0000000083c00000| Untracked 
|   7|0x0000000083d00000, 0x0000000083e00000, 0x0000000083e00000|100%| O|  |TAMS 0x0000000083e00000, 0x0000000083d00000| Untracked 
|   8|0x0000000083e00000, 0x0000000083f00000, 0x0000000083f00000|100%| O|  |TAMS 0x0000000083f00000, 0x0000000083e00000| Untracked 
|   9|0x0000000083f00000, 0x0000000084000000, 0x0000000084000000|100%| O|  |TAMS 0x0000000084000000, 0x0000000083f00000| Untracked 
|  10|0x0000000084000000, 0x0000000084100000, 0x0000000084100000|100%| O|  |TAMS 0x0000000084100000, 0x0000000084000000| Untracked 
|  11|0x0000000084100000, 0x0000000084200000, 0x0000000084200000|100%| O|  |TAMS 0x0000000084200000, 0x0000000084100000| Untracked 
|  12|0x0000000084200000, 0x0000000084300000, 0x0000000084300000|100%| O|  |TAMS 0x0000000084300000, 0x0000000084200000| Untracked 
|  13|0x0000000084300000, 0x0000000084400000, 0x0000000084400000|100%| O|  |TAMS 0x0000000084400000, 0x0000000084300000| Untracked 
|  14|0x0000000084400000, 0x0000000084500000, 0x0000000084500000|100%| O|  |TAMS 0x0000000084500000, 0x0000000084400000| Untracked 
|  15|0x0000000084500000, 0x0000000084600000, 0x0000000084600000|100%| O|  |TAMS 0x0000000084600000, 0x0000000084500000| Untracked 
|  16|0x0000000084600000, 0x0000000084700000, 0x0000000084700000|100%| O|  |TAMS 0x0000000084700000, 0x0000000084600000| Untracked 
|  17|0x0000000084700000, 0x0000000084800000, 0x0000000084800000|100%| O|  |TAMS 0x0000000084800000, 0x0000000084700000| Untracked 
|  18|0x0000000084800000, 0x0000000084889200, 0x0000000084900000| 53%| O|  |TAMS 0x0000000084800000, 0x0000000084800000| Untracked 
|  19|0x0000000084900000, 0x0000000084900000, 0x0000000084a00000|  0%| F|  |TAMS 0x0000000084900000, 0x0000000084900000| Untracked 
|  20|0x0000000084a00000, 0x0000000084b00000, 0x0000000084b00000|100%| O|  |TAMS 0x0000000084b00000, 0x0000000084a00000| Untracked 
|  21|0x0000000084b00000, 0x0000000084c00000, 0x0000000084c00000|100%| O|  |TAMS 0x0000000084c00000, 0x0000000084b00000| Untracked 
|  22|0x0000000084c00000, 0x0000000084d00000, 0x0000000084d00000|100%| O|  |TAMS 0x0000000084d00000, 0x0000000084c00000| Untracked 
|  23|0x0000000084d00000, 0x0000000084e00000, 0x0000000084e00000|100%| O|  |TAMS 0x0000000084e00000, 0x0000000084d00000| Untracked 
|  24|0x0000000084e00000, 0x0000000084f00000, 0x0000000084f00000|100%| O|  |TAMS 0x0000000084f00000, 0x0000000084e00000| Untracked 
|  25|0x0000000084f00000, 0x0000000085000000, 0x0000000085000000|100%| O|  |TAMS 0x0000000085000000, 0x0000000084f00000| Untracked 
|  26|0x0000000085000000, 0x0000000085100000, 0x0000000085100000|100%| O|  |TAMS 0x0000000085100000, 0x0000000085000000| Untracked 
|  27|0x0000000085100000, 0x0000000085200000, 0x0000000085200000|100%| O|  |TAMS 0x0000000085200000, 0x0000000085100000| Untracked 
|  28|0x0000000085200000, 0x0000000085300000, 0x0000000085300000|100%| O|  |TAMS 0x0000000085300000, 0x0000000085200000| Untracked 
|  29|0x0000000085300000, 0x0000000085400000, 0x0000000085400000|100%| O|  |TAMS 0x0000000085400000, 0x0000000085300000| Untracked 
|  30|0x0000000085400000, 0x0000000085500000, 0x0000000085500000|100%| O|  |TAMS 0x0000000085500000, 0x0000000085400000| Untracked 
|  31|0x0000000085500000, 0x0000000085600000, 0x0000000085600000|100%| O|  |TAMS 0x0000000085600000, 0x0000000085500000| Untracked 
|  32|0x0000000085600000, 0x0000000085700000, 0x0000000085700000|100%| O|  |TAMS 0x0000000085700000, 0x0000000085600000| Untracked 
|  33|0x0000000085700000, 0x0000000085800000, 0x0000000085800000|100%| O|  |TAMS 0x0000000085800000, 0x0000000085700000| Untracked 
|  34|0x0000000085800000, 0x0000000085900000, 0x0000000085900000|100%| O|  |TAMS 0x0000000085900000, 0x0000000085800000| Untracked 
|  35|0x0000000085900000, 0x0000000085a00000, 0x0000000085a00000|100%| O|  |TAMS 0x0000000085a00000, 0x0000000085900000| Untracked 
|  36|0x0000000085a00000, 0x0000000085b00000, 0x0000000085b00000|100%| O|  |TAMS 0x0000000085b00000, 0x0000000085a00000| Untracked 
|  37|0x0000000085b00000, 0x0000000085c00000, 0x0000000085c00000|100%| O|  |TAMS 0x0000000085c00000, 0x0000000085b00000| Untracked 
|  38|0x0000000085c00000, 0x0000000085d00000, 0x0000000085d00000|100%| O|  |TAMS 0x0000000085d00000, 0x0000000085c00000| Untracked 
|  39|0x0000000085d00000, 0x0000000085e00000, 0x0000000085e00000|100%| O|  |TAMS 0x0000000085e00000, 0x0000000085d00000| Untracked 
|  40|0x0000000085e00000, 0x0000000085f00000, 0x0000000085f00000|100%| O|  |TAMS 0x0000000085f00000, 0x0000000085e00000| Untracked 
|  41|0x0000000085f00000, 0x0000000086000000, 0x0000000086000000|100%| O|  |TAMS 0x0000000086000000, 0x0000000085f00000| Untracked 
|  42|0x0000000086000000, 0x0000000086100000, 0x0000000086100000|100%| O|  |TAMS 0x0000000086100000, 0x0000000086000000| Untracked 
|  43|0x0000000086100000, 0x0000000086200000, 0x0000000086200000|100%| O|  |TAMS 0x0000000086200000, 0x0000000086100000| Untracked 
|  44|0x0000000086200000, 0x0000000086300000, 0x0000000086300000|100%| O|  |TAMS 0x0000000086300000, 0x0000000086200000| Untracked 
|  45|0x0000000086300000, 0x0000000086400000, 0x0000000086400000|100%| O|  |TAMS 0x0000000086400000, 0x0000000086300000| Untracked 
|  46|0x0000000086400000, 0x0000000086500000, 0x0000000086500000|100%| O|  |TAMS 0x0000000086500000, 0x0000000086400000| Untracked 
|  47|0x0000000086500000, 0x0000000086600000, 0x0000000086600000|100%| O|  |TAMS 0x0000000086600000, 0x0000000086500000| Untracked 
|  48|0x0000000086600000, 0x0000000086700000, 0x0000000086700000|100%| O|  |TAMS 0x0000000086700000, 0x0000000086600000| Untracked 
|  49|0x0000000086700000, 0x0000000086800000, 0x0000000086800000|100%| O|  |TAMS 0x0000000086800000, 0x0000000086700000| Untracked 
|  50|0x0000000086800000, 0x0000000086900000, 0x0000000086900000|100%| O|  |TAMS 0x0000000086900000, 0x0000000086800000| Untracked 
|  51|0x0000000086900000, 0x0000000086a00000, 0x0000000086a00000|100%| O|  |TAMS 0x0000000086a00000, 0x0000000086900000| Untracked 
|  52|0x0000000086a00000, 0x0000000086b00000, 0x0000000086b00000|100%| O|  |TAMS 0x0000000086b00000, 0x0000000086a00000| Untracked 
|  53|0x0000000086b00000, 0x0000000086c00000, 0x0000000086c00000|100%| O|  |TAMS 0x0000000086b55800, 0x0000000086b00000| Untracked 
|  54|0x0000000086c00000, 0x0000000086c00000, 0x0000000086d00000|  0%| F|  |TAMS 0x0000000086c00000, 0x0000000086c00000| Untracked 
|  55|0x0000000086d00000, 0x0000000086d00000, 0x0000000086e00000|  0%| F|  |TAMS 0x0000000086d00000, 0x0000000086d00000| Untracked 
|  56|0x0000000086e00000, 0x0000000086e00000, 0x0000000086f00000|  0%| F|  |TAMS 0x0000000086e00000, 0x0000000086e00000| Untracked 
|  57|0x0000000086f00000, 0x0000000086f00000, 0x0000000087000000|  0%| F|  |TAMS 0x0000000086f00000, 0x0000000086f00000| Untracked 
|  58|0x0000000087000000, 0x0000000087000000, 0x0000000087100000|  0%| F|  |TAMS 0x0000000087000000, 0x0000000087000000| Untracked 
|  59|0x0000000087100000, 0x0000000087100000, 0x0000000087200000|  0%| F|  |TAMS 0x0000000087100000, 0x0000000087100000| Untracked 
|  60|0x0000000087200000, 0x0000000087200000, 0x0000000087300000|  0%| F|  |TAMS 0x0000000087200000, 0x0000000087200000| Untracked 
|  61|0x0000000087300000, 0x0000000087300000, 0x0000000087400000|  0%| F|  |TAMS 0x0000000087300000, 0x0000000087300000| Untracked 
|  62|0x0000000087400000, 0x0000000087400000, 0x0000000087500000|  0%| F|  |TAMS 0x0000000087400000, 0x0000000087400000| Untracked 
|  63|0x0000000087500000, 0x0000000087500000, 0x0000000087600000|  0%| F|  |TAMS 0x0000000087500000, 0x0000000087500000| Untracked 
|  64|0x0000000087600000, 0x0000000087600000, 0x0000000087700000|  0%| F|  |TAMS 0x0000000087600000, 0x0000000087600000| Untracked 
|  65|0x0000000087700000, 0x0000000087700000, 0x0000000087800000|  0%| F|  |TAMS 0x0000000087700000, 0x0000000087700000| Untracked 
|  66|0x0000000087800000, 0x0000000087800000, 0x0000000087900000|  0%| F|  |TAMS 0x0000000087800000, 0x0000000087800000| Untracked 
|  67|0x0000000087900000, 0x0000000087900000, 0x0000000087a00000|  0%| F|  |TAMS 0x0000000087900000, 0x0000000087900000| Untracked 
|  68|0x0000000087a00000, 0x0000000087a00000, 0x0000000087b00000|  0%| F|  |TAMS 0x0000000087a00000, 0x0000000087a00000| Untracked 
|  69|0x0000000087b00000, 0x0000000087b00000, 0x0000000087c00000|  0%| F|  |TAMS 0x0000000087b00000, 0x0000000087b00000| Untracked 
|  70|0x0000000087c00000, 0x0000000087c00000, 0x0000000087d00000|  0%| F|  |TAMS 0x0000000087c00000, 0x0000000087c00000| Untracked 
|  71|0x0000000087d00000, 0x0000000087d00000, 0x0000000087e00000|  0%| F|  |TAMS 0x0000000087d00000, 0x0000000087d00000| Untracked 
|  72|0x0000000087e00000, 0x0000000087e00000, 0x0000000087f00000|  0%| F|  |TAMS 0x0000000087e00000, 0x0000000087e00000| Untracked 
|  73|0x0000000087f00000, 0x0000000087f00000, 0x0000000088000000|  0%| F|  |TAMS 0x0000000087f00000, 0x0000000087f00000| Untracked 
|  74|0x0000000088000000, 0x0000000088000000, 0x0000000088100000|  0%| F|  |TAMS 0x0000000088000000, 0x0000000088000000| Untracked 
|  75|0x0000000088100000, 0x0000000088100000, 0x0000000088200000|  0%| F|  |TAMS 0x0000000088100000, 0x0000000088100000| Untracked 
|  76|0x0000000088200000, 0x0000000088200000, 0x0000000088300000|  0%| F|  |TAMS 0x0000000088200000, 0x0000000088200000| Untracked 
|  77|0x0000000088300000, 0x0000000088300000, 0x0000000088400000|  0%| F|  |TAMS 0x0000000088300000, 0x0000000088300000| Untracked 
|  78|0x0000000088400000, 0x0000000088400000, 0x0000000088500000|  0%| F|  |TAMS 0x0000000088400000, 0x0000000088400000| Untracked 
|  79|0x0000000088500000, 0x0000000088500000, 0x0000000088600000|  0%| F|  |TAMS 0x0000000088500000, 0x0000000088500000| Untracked 
|  80|0x0000000088600000, 0x0000000088600000, 0x0000000088700000|  0%| F|  |TAMS 0x0000000088600000, 0x0000000088600000| Untracked 
|  81|0x0000000088700000, 0x0000000088700000, 0x0000000088800000|  0%| F|  |TAMS 0x0000000088700000, 0x0000000088700000| Untracked 
|  82|0x0000000088800000, 0x0000000088800000, 0x0000000088900000|  0%| F|  |TAMS 0x0000000088800000, 0x0000000088800000| Untracked 
|  83|0x0000000088900000, 0x0000000088900000, 0x0000000088a00000|  0%| F|  |TAMS 0x0000000088900000, 0x0000000088900000| Untracked 
|  84|0x0000000088a00000, 0x0000000088a00000, 0x0000000088b00000|  0%| F|  |TAMS 0x0000000088a00000, 0x0000000088a00000| Untracked 
|  85|0x0000000088b00000, 0x0000000088b00000, 0x0000000088c00000|  0%| F|  |TAMS 0x0000000088b00000, 0x0000000088b00000| Untracked 
|  86|0x0000000088c00000, 0x0000000088c00000, 0x0000000088d00000|  0%| F|  |TAMS 0x0000000088c00000, 0x0000000088c00000| Untracked 
|  87|0x0000000088d00000, 0x0000000088d00000, 0x0000000088e00000|  0%| F|  |TAMS 0x0000000088d00000, 0x0000000088d00000| Untracked 
|  88|0x0000000088e00000, 0x0000000088e00000, 0x0000000088f00000|  0%| F|  |TAMS 0x0000000088e00000, 0x0000000088e00000| Untracked 
|  89|0x0000000088f00000, 0x0000000088f00000, 0x0000000089000000|  0%| F|  |TAMS 0x0000000088f00000, 0x0000000088f00000| Untracked 
|  90|0x0000000089000000, 0x0000000089000000, 0x0000000089100000|  0%| F|  |TAMS 0x0000000089000000, 0x0000000089000000| Untracked 
|  91|0x0000000089100000, 0x0000000089100000, 0x0000000089200000|  0%| F|  |TAMS 0x0000000089100000, 0x0000000089100000| Untracked 
|  92|0x0000000089200000, 0x0000000089200000, 0x0000000089300000|  0%| F|  |TAMS 0x0000000089200000, 0x0000000089200000| Untracked 
|  93|0x0000000089300000, 0x0000000089300000, 0x0000000089400000|  0%| F|  |TAMS 0x0000000089300000, 0x0000000089300000| Untracked 
|  94|0x0000000089400000, 0x0000000089400000, 0x0000000089500000|  0%| F|  |TAMS 0x0000000089400000, 0x0000000089400000| Untracked 
|  95|0x0000000089500000, 0x0000000089500000, 0x0000000089600000|  0%| F|  |TAMS 0x0000000089500000, 0x0000000089500000| Untracked 
|  96|0x0000000089600000, 0x0000000089600000, 0x0000000089700000|  0%| F|  |TAMS 0x0000000089600000, 0x0000000089600000| Untracked 
|  97|0x0000000089700000, 0x0000000089700000, 0x0000000089800000|  0%| F|  |TAMS 0x0000000089700000, 0x0000000089700000| Untracked 
|  98|0x0000000089800000, 0x0000000089800000, 0x0000000089900000|  0%| F|  |TAMS 0x0000000089800000, 0x0000000089800000| Untracked 
|  99|0x0000000089900000, 0x0000000089900000, 0x0000000089a00000|  0%| F|  |TAMS 0x0000000089900000, 0x0000000089900000| Untracked 
| 100|0x0000000089a00000, 0x0000000089a00000, 0x0000000089b00000|  0%| F|  |TAMS 0x0000000089a00000, 0x0000000089a00000| Untracked 
| 101|0x0000000089b00000, 0x0000000089b00000, 0x0000000089c00000|  0%| F|  |TAMS 0x0000000089b00000, 0x0000000089b00000| Untracked 
| 102|0x0000000089c00000, 0x0000000089c2a270, 0x0000000089d00000| 16%| S|CS|TAMS 0x0000000089c00000, 0x0000000089c00000| Complete 
| 103|0x0000000089d00000, 0x0000000089d00000, 0x0000000089e00000|  0%| F|  |TAMS 0x0000000089d00000, 0x0000000089d00000| Untracked 
| 104|0x0000000089e00000, 0x0000000089e00000, 0x0000000089f00000|  0%| F|  |TAMS 0x0000000089e00000, 0x0000000089e00000| Untracked 
| 105|0x0000000089f00000, 0x0000000089f00000, 0x000000008a000000|  0%| F|  |TAMS 0x0000000089f00000, 0x0000000089f00000| Untracked 
| 106|0x000000008a000000, 0x000000008a000000, 0x000000008a100000|  0%| F|  |TAMS 0x000000008a000000, 0x000000008a000000| Untracked 
| 107|0x000000008a100000, 0x000000008a100000, 0x000000008a200000|  0%| F|  |TAMS 0x000000008a100000, 0x000000008a100000| Untracked 
| 108|0x000000008a200000, 0x000000008a200000, 0x000000008a300000|  0%| F|  |TAMS 0x000000008a200000, 0x000000008a200000| Untracked 
| 109|0x000000008a300000, 0x000000008a300000, 0x000000008a400000|  0%| F|  |TAMS 0x000000008a300000, 0x000000008a300000| Untracked 
| 110|0x000000008a400000, 0x000000008a400000, 0x000000008a500000|  0%| F|  |TAMS 0x000000008a400000, 0x000000008a400000| Untracked 
| 111|0x000000008a500000, 0x000000008a500000, 0x000000008a600000|  0%| F|  |TAMS 0x000000008a500000, 0x000000008a500000| Untracked 
| 112|0x000000008a600000, 0x000000008a600000, 0x000000008a700000|  0%| F|  |TAMS 0x000000008a600000, 0x000000008a600000| Untracked 
| 113|0x000000008a700000, 0x000000008a700000, 0x000000008a800000|  0%| F|  |TAMS 0x000000008a700000, 0x000000008a700000| Untracked 
| 114|0x000000008a800000, 0x000000008a800000, 0x000000008a900000|  0%| F|  |TAMS 0x000000008a800000, 0x000000008a800000| Untracked 
| 115|0x000000008a900000, 0x000000008a900000, 0x000000008aa00000|  0%| F|  |TAMS 0x000000008a900000, 0x000000008a900000| Untracked 
| 116|0x000000008aa00000, 0x000000008aa00000, 0x000000008ab00000|  0%| F|  |TAMS 0x000000008aa00000, 0x000000008aa00000| Untracked 
| 117|0x000000008ab00000, 0x000000008ab00000, 0x000000008ac00000|  0%| F|  |TAMS 0x000000008ab00000, 0x000000008ab00000| Untracked 
| 118|0x000000008ac00000, 0x000000008ac00000, 0x000000008ad00000|  0%| F|  |TAMS 0x000000008ac00000, 0x000000008ac00000| Untracked 
| 119|0x000000008ad00000, 0x000000008ad00000, 0x000000008ae00000|  0%| F|  |TAMS 0x000000008ad00000, 0x000000008ad00000| Untracked 
| 120|0x000000008ae00000, 0x000000008ae00000, 0x000000008af00000|  0%| F|  |TAMS 0x000000008ae00000, 0x000000008ae00000| Untracked 
| 121|0x000000008af00000, 0x000000008af00000, 0x000000008b000000|  0%| F|  |TAMS 0x000000008af00000, 0x000000008af00000| Untracked 
| 122|0x000000008b000000, 0x000000008b000000, 0x000000008b100000|  0%| F|  |TAMS 0x000000008b000000, 0x000000008b000000| Untracked 
| 123|0x000000008b100000, 0x000000008b100000, 0x000000008b200000|  0%| F|  |TAMS 0x000000008b100000, 0x000000008b100000| Untracked 
| 124|0x000000008b200000, 0x000000008b200000, 0x000000008b300000|  0%| F|  |TAMS 0x000000008b200000, 0x000000008b200000| Untracked 
| 125|0x000000008b300000, 0x000000008b300000, 0x000000008b400000|  0%| F|  |TAMS 0x000000008b300000, 0x000000008b300000| Untracked 
| 126|0x000000008b400000, 0x000000008b400000, 0x000000008b500000|  0%| F|  |TAMS 0x000000008b400000, 0x000000008b400000| Untracked 
| 127|0x000000008b500000, 0x000000008b500000, 0x000000008b600000|  0%| F|  |TAMS 0x000000008b500000, 0x000000008b500000| Untracked 
| 128|0x000000008b600000, 0x000000008b600000, 0x000000008b700000|  0%| F|  |TAMS 0x000000008b600000, 0x000000008b600000| Untracked 
| 129|0x000000008b700000, 0x000000008b700000, 0x000000008b800000|  0%| F|  |TAMS 0x000000008b700000, 0x000000008b700000| Untracked 
| 130|0x000000008b800000, 0x000000008b800000, 0x000000008b900000|  0%| F|  |TAMS 0x000000008b800000, 0x000000008b800000| Untracked 
| 131|0x000000008b900000, 0x000000008b900000, 0x000000008ba00000|  0%| F|  |TAMS 0x000000008b900000, 0x000000008b900000| Untracked 
| 132|0x000000008ba00000, 0x000000008ba00000, 0x000000008bb00000|  0%| F|  |TAMS 0x000000008ba00000, 0x000000008ba00000| Untracked 
| 133|0x000000008bb00000, 0x000000008bb00000, 0x000000008bc00000|  0%| F|  |TAMS 0x000000008bb00000, 0x000000008bb00000| Untracked 
| 134|0x000000008bc00000, 0x000000008bc00000, 0x000000008bd00000|  0%| F|  |TAMS 0x000000008bc00000, 0x000000008bc00000| Untracked 
| 135|0x000000008bd00000, 0x000000008bd00000, 0x000000008be00000|  0%| F|  |TAMS 0x000000008bd00000, 0x000000008bd00000| Untracked 
| 136|0x000000008be00000, 0x000000008be00000, 0x000000008bf00000|  0%| F|  |TAMS 0x000000008be00000, 0x000000008be00000| Untracked 
| 137|0x000000008bf00000, 0x000000008bf00000, 0x000000008c000000|  0%| F|  |TAMS 0x000000008bf00000, 0x000000008bf00000| Untracked 
| 138|0x000000008c000000, 0x000000008c000000, 0x000000008c100000|  0%| F|  |TAMS 0x000000008c000000, 0x000000008c000000| Untracked 
| 139|0x000000008c100000, 0x000000008c100000, 0x000000008c200000|  0%| F|  |TAMS 0x000000008c100000, 0x000000008c100000| Untracked 
| 140|0x000000008c200000, 0x000000008c200000, 0x000000008c300000|  0%| F|  |TAMS 0x000000008c200000, 0x000000008c200000| Untracked 
| 141|0x000000008c300000, 0x000000008c300000, 0x000000008c400000|  0%| F|  |TAMS 0x000000008c300000, 0x000000008c300000| Untracked 
| 142|0x000000008c400000, 0x000000008c400000, 0x000000008c500000|  0%| F|  |TAMS 0x000000008c400000, 0x000000008c400000| Untracked 
| 143|0x000000008c500000, 0x000000008c500000, 0x000000008c600000|  0%| F|  |TAMS 0x000000008c500000, 0x000000008c500000| Untracked 
| 144|0x000000008c600000, 0x000000008c600000, 0x000000008c700000|  0%| F|  |TAMS 0x000000008c600000, 0x000000008c600000| Untracked 
| 145|0x000000008c700000, 0x000000008c700000, 0x000000008c800000|  0%| F|  |TAMS 0x000000008c700000, 0x000000008c700000| Untracked 
| 146|0x000000008c800000, 0x000000008c800000, 0x000000008c900000|  0%| F|  |TAMS 0x000000008c800000, 0x000000008c800000| Untracked 
| 147|0x000000008c900000, 0x000000008c900000, 0x000000008ca00000|  0%| F|  |TAMS 0x000000008c900000, 0x000000008c900000| Untracked 
| 148|0x000000008ca00000, 0x000000008ca00000, 0x000000008cb00000|  0%| F|  |TAMS 0x000000008ca00000, 0x000000008ca00000| Untracked 
| 149|0x000000008cb00000, 0x000000008cb00000, 0x000000008cc00000|  0%| F|  |TAMS 0x000000008cb00000, 0x000000008cb00000| Untracked 
| 150|0x000000008cc00000, 0x000000008cc00000, 0x000000008cd00000|  0%| F|  |TAMS 0x000000008cc00000, 0x000000008cc00000| Untracked 
| 151|0x000000008cd00000, 0x000000008cd00000, 0x000000008ce00000|  0%| F|  |TAMS 0x000000008cd00000, 0x000000008cd00000| Untracked 
| 152|0x000000008ce00000, 0x000000008ce00000, 0x000000008cf00000|  0%| F|  |TAMS 0x000000008ce00000, 0x000000008ce00000| Untracked 
| 153|0x000000008cf00000, 0x000000008cf00000, 0x000000008d000000|  0%| F|  |TAMS 0x000000008cf00000, 0x000000008cf00000| Untracked 
| 154|0x000000008d000000, 0x000000008d000000, 0x000000008d100000|  0%| F|  |TAMS 0x000000008d000000, 0x000000008d000000| Untracked 
| 155|0x000000008d100000, 0x000000008d100000, 0x000000008d200000|  0%| F|  |TAMS 0x000000008d100000, 0x000000008d100000| Untracked 
| 156|0x000000008d200000, 0x000000008d200000, 0x000000008d300000|  0%| F|  |TAMS 0x000000008d200000, 0x000000008d200000| Untracked 
| 157|0x000000008d300000, 0x000000008d300000, 0x000000008d400000|  0%| F|  |TAMS 0x000000008d300000, 0x000000008d300000| Untracked 
| 158|0x000000008d400000, 0x000000008d400000, 0x000000008d500000|  0%| F|  |TAMS 0x000000008d400000, 0x000000008d400000| Untracked 
| 159|0x000000008d500000, 0x000000008d500000, 0x000000008d600000|  0%| F|  |TAMS 0x000000008d500000, 0x000000008d500000| Untracked 
| 160|0x000000008d600000, 0x000000008d600000, 0x000000008d700000|  0%| F|  |TAMS 0x000000008d600000, 0x000000008d600000| Untracked 
| 161|0x000000008d700000, 0x000000008d700000, 0x000000008d800000|  0%| F|  |TAMS 0x000000008d700000, 0x000000008d700000| Untracked 
| 162|0x000000008d800000, 0x000000008d800000, 0x000000008d900000|  0%| F|  |TAMS 0x000000008d800000, 0x000000008d800000| Untracked 
| 163|0x000000008d900000, 0x000000008d900000, 0x000000008da00000|  0%| F|  |TAMS 0x000000008d900000, 0x000000008d900000| Untracked 
| 164|0x000000008da00000, 0x000000008da00000, 0x000000008db00000|  0%| F|  |TAMS 0x000000008da00000, 0x000000008da00000| Untracked 
| 165|0x000000008db00000, 0x000000008db00000, 0x000000008dc00000|  0%| F|  |TAMS 0x000000008db00000, 0x000000008db00000| Untracked 
| 166|0x000000008dc00000, 0x000000008dc00000, 0x000000008dd00000|  0%| F|  |TAMS 0x000000008dc00000, 0x000000008dc00000| Untracked 
| 167|0x000000008dd00000, 0x000000008dd00000, 0x000000008de00000|  0%| F|  |TAMS 0x000000008dd00000, 0x000000008dd00000| Untracked 
| 168|0x000000008de00000, 0x000000008de00000, 0x000000008df00000|  0%| F|  |TAMS 0x000000008de00000, 0x000000008de00000| Untracked 
| 169|0x000000008df00000, 0x000000008df00000, 0x000000008e000000|  0%| F|  |TAMS 0x000000008df00000, 0x000000008df00000| Untracked 
| 170|0x000000008e000000, 0x000000008e000000, 0x000000008e100000|  0%| F|  |TAMS 0x000000008e000000, 0x000000008e000000| Untracked 
| 171|0x000000008e100000, 0x000000008e100000, 0x000000008e200000|  0%| F|  |TAMS 0x000000008e100000, 0x000000008e100000| Untracked 
| 172|0x000000008e200000, 0x000000008e200000, 0x000000008e300000|  0%| F|  |TAMS 0x000000008e200000, 0x000000008e200000| Untracked 
| 173|0x000000008e300000, 0x000000008e300000, 0x000000008e400000|  0%| F|  |TAMS 0x000000008e300000, 0x000000008e300000| Untracked 
| 174|0x000000008e400000, 0x000000008e400000, 0x000000008e500000|  0%| F|  |TAMS 0x000000008e400000, 0x000000008e400000| Untracked 
| 175|0x000000008e500000, 0x000000008e500000, 0x000000008e600000|  0%| F|  |TAMS 0x000000008e500000, 0x000000008e500000| Untracked 
| 176|0x000000008e600000, 0x000000008e600000, 0x000000008e700000|  0%| F|  |TAMS 0x000000008e600000, 0x000000008e600000| Untracked 
| 177|0x000000008e700000, 0x000000008e700000, 0x000000008e800000|  0%| F|  |TAMS 0x000000008e700000, 0x000000008e700000| Untracked 
| 178|0x000000008e800000, 0x000000008e800000, 0x000000008e900000|  0%| F|  |TAMS 0x000000008e800000, 0x000000008e800000| Untracked 
| 179|0x000000008e900000, 0x000000008e900000, 0x000000008ea00000|  0%| F|  |TAMS 0x000000008e900000, 0x000000008e900000| Untracked 
| 180|0x000000008ea00000, 0x000000008ea00000, 0x000000008eb00000|  0%| F|  |TAMS 0x000000008ea00000, 0x000000008ea00000| Untracked 
| 181|0x000000008eb00000, 0x000000008eb00000, 0x000000008ec00000|  0%| F|  |TAMS 0x000000008eb00000, 0x000000008eb00000| Untracked 
| 182|0x000000008ec00000, 0x000000008ec00000, 0x000000008ed00000|  0%| F|  |TAMS 0x000000008ec00000, 0x000000008ec00000| Untracked 
| 183|0x000000008ed00000, 0x000000008ed00000, 0x000000008ee00000|  0%| F|  |TAMS 0x000000008ed00000, 0x000000008ed00000| Untracked 
| 184|0x000000008ee00000, 0x000000008ee00000, 0x000000008ef00000|  0%| F|  |TAMS 0x000000008ee00000, 0x000000008ee00000| Untracked 
| 185|0x000000008ef00000, 0x000000008ef00000, 0x000000008f000000|  0%| F|  |TAMS 0x000000008ef00000, 0x000000008ef00000| Untracked 
| 186|0x000000008f000000, 0x000000008f000000, 0x000000008f100000|  0%| F|  |TAMS 0x000000008f000000, 0x000000008f000000| Untracked 
| 187|0x000000008f100000, 0x000000008f100000, 0x000000008f200000|  0%| F|  |TAMS 0x000000008f100000, 0x000000008f100000| Untracked 
| 188|0x000000008f200000, 0x000000008f200000, 0x000000008f300000|  0%| F|  |TAMS 0x000000008f200000, 0x000000008f200000| Untracked 
| 189|0x000000008f300000, 0x000000008f300000, 0x000000008f400000|  0%| F|  |TAMS 0x000000008f300000, 0x000000008f300000| Untracked 
| 190|0x000000008f400000, 0x000000008f400000, 0x000000008f500000|  0%| F|  |TAMS 0x000000008f400000, 0x000000008f400000| Untracked 
| 191|0x000000008f500000, 0x000000008f500000, 0x000000008f600000|  0%| F|  |TAMS 0x000000008f500000, 0x000000008f500000| Untracked 
| 192|0x000000008f600000, 0x000000008f600000, 0x000000008f700000|  0%| F|  |TAMS 0x000000008f600000, 0x000000008f600000| Untracked 
| 193|0x000000008f700000, 0x000000008f700000, 0x000000008f800000|  0%| F|  |TAMS 0x000000008f700000, 0x000000008f700000| Untracked 
| 194|0x000000008f800000, 0x000000008f800000, 0x000000008f900000|  0%| F|  |TAMS 0x000000008f800000, 0x000000008f800000| Untracked 
| 195|0x000000008f900000, 0x000000008f900000, 0x000000008fa00000|  0%| F|  |TAMS 0x000000008f900000, 0x000000008f900000| Untracked 
| 196|0x000000008fa00000, 0x000000008fa00000, 0x000000008fb00000|  0%| F|  |TAMS 0x000000008fa00000, 0x000000008fa00000| Untracked 
| 197|0x000000008fb00000, 0x000000008fb00000, 0x000000008fc00000|  0%| F|  |TAMS 0x000000008fb00000, 0x000000008fb00000| Untracked 
| 198|0x000000008fc00000, 0x000000008fc00000, 0x000000008fd00000|  0%| F|  |TAMS 0x000000008fc00000, 0x000000008fc00000| Untracked 
| 199|0x000000008fd00000, 0x000000008fd00000, 0x000000008fe00000|  0%| F|  |TAMS 0x000000008fd00000, 0x000000008fd00000| Untracked 
| 200|0x000000008fe00000, 0x000000008fe00000, 0x000000008ff00000|  0%| F|  |TAMS 0x000000008fe00000, 0x000000008fe00000| Untracked 
| 201|0x000000008ff00000, 0x000000008ff00000, 0x0000000090000000|  0%| F|  |TAMS 0x000000008ff00000, 0x000000008ff00000| Untracked 
| 202|0x0000000090000000, 0x0000000090000000, 0x0000000090100000|  0%| F|  |TAMS 0x0000000090000000, 0x0000000090000000| Untracked 
| 203|0x0000000090100000, 0x0000000090100000, 0x0000000090200000|  0%| F|  |TAMS 0x0000000090100000, 0x0000000090100000| Untracked 
| 204|0x0000000090200000, 0x0000000090200000, 0x0000000090300000|  0%| F|  |TAMS 0x0000000090200000, 0x0000000090200000| Untracked 
| 205|0x0000000090300000, 0x0000000090387fb0, 0x0000000090400000| 53%| E|  |TAMS 0x0000000090300000, 0x0000000090300000| Complete 
| 206|0x0000000090400000, 0x0000000090500000, 0x0000000090500000|100%| E|CS|TAMS 0x0000000090400000, 0x0000000090400000| Complete 
| 207|0x0000000090500000, 0x0000000090600000, 0x0000000090600000|100%| E|CS|TAMS 0x0000000090500000, 0x0000000090500000| Complete 
| 208|0x0000000090600000, 0x0000000090700000, 0x0000000090700000|100%| E|CS|TAMS 0x0000000090600000, 0x0000000090600000| Complete 
| 209|0x0000000090700000, 0x0000000090800000, 0x0000000090800000|100%| E|CS|TAMS 0x0000000090700000, 0x0000000090700000| Complete 

Card table byte_map: [0x000002097ca50000,0x000002097ce40000] _byte_map_base: 0x000002097c635000

Marking Bits (Prev, Next): (CMBitMap*) 0x0000020965b223f0, (CMBitMap*) 0x0000020965b22430
 Prev Bits: [0x000002097d230000, 0x000002097f158000)
 Next Bits: [0x0000020900000000, 0x0000020901f28000)

Polling page: 0x0000020963a20000

Metaspace:

Usage:
  Non-class:     72.07 MB used.
      Class:     11.10 MB used.
       Both:     83.17 MB used.

Virtual space:
  Non-class space:       80.00 MB reserved,      72.44 MB ( 91%) committed,  10 nodes.
      Class space:        1.00 GB reserved,      11.44 MB (  1%) committed,  1 nodes.
             Both:        1.08 GB reserved,      83.88 MB (  8%) committed. 

Chunk freelists:
   Non-Class:  3.35 MB
       Class:  561.00 KB
        Both:  3.90 MB

MaxMetaspaceSize: unlimited
CompressedClassSpaceSize: 1.00 GB
Initial GC threshold: 21.00 MB
Current GC threshold: 139.62 MB
CDS: on
MetaspaceReclaimPolicy: balanced
 - commit_granule_bytes: 65536.
 - commit_granule_words: 8192.
 - virtual_space_node_default_size: 1048576.
 - enlarge_chunks_in_place: 1.
 - new_chunks_are_fully_committed: 0.
 - uncommit_free_chunks: 1.
 - use_allocation_guard: 0.
 - handle_deallocations: 1.


Internal statistics:

num_allocs_failed_limit: 8.
num_arena_births: 996.
num_arena_deaths: 32.
num_vsnodes_births: 11.
num_vsnodes_deaths: 0.
num_space_committed: 1342.
num_space_uncommitted: 0.
num_chunks_returned_to_freelist: 56.
num_chunks_taken_from_freelist: 4156.
num_chunk_merges: 14.
num_chunk_splits: 2924.
num_chunks_enlarged: 2223.
num_purges: 4.
num_inconsistent_stats: 0.

CodeHeap 'non-profiled nmethods': size=120000Kb used=6613Kb max_used=6613Kb free=113386Kb
 bounds [0x0000020974e00000, 0x0000020975480000, 0x000002097c330000]
CodeHeap 'profiled nmethods': size=120000Kb used=17894Kb max_used=17894Kb free=102105Kb
 bounds [0x000002096d330000, 0x000002096e4b0000, 0x0000020974860000]
CodeHeap 'non-nmethods': size=5760Kb used=1488Kb max_used=1554Kb free=4271Kb
 bounds [0x0000020974860000, 0x0000020974ad0000, 0x0000020974e00000]
 total_blobs=10206 nmethods=9459 adapters=657
 compilation: enabled
              stopped_count=0, restarted_count=0
 full_count=0

Compilation events (20 events):
Event: 36.632 Thread 0x000002097fb96fd0 10928       3       org.springframework.web.servlet.function.support.RouterFunctionMapping::getHandlerInternal (45 bytes)
Event: 36.632 Thread 0x000002097fb96fd0 nmethod 10928 0x000002096e4a6310 code [0x000002096e4a6500, 0x000002096e4a69c8]
Event: 36.632 Thread 0x000002097fb96fd0 10930       3       org.springframework.web.servlet.resource.ResourceHttpRequestHandler::getCorsConfiguration (5 bytes)
Event: 36.633 Thread 0x000002097fb96fd0 nmethod 10930 0x000002096e4a6b90 code [0x000002096e4a6d20, 0x000002096e4a6e38]
Event: 36.634 Thread 0x000002097fb96fd0 10934       3       org.hibernate.engine.spi.LoadQueryInfluencers::<init> (26 bytes)
Event: 36.634 Thread 0x000002097fb96fd0 nmethod 10934 0x000002096e4a6f10 code [0x000002096e4a70e0, 0x000002096e4a74d8]
Event: 36.634 Thread 0x000002097fb96fd0 10935       3       org.hibernate.engine.spi.EffectiveEntityGraph::<init> (6 bytes)
Event: 36.635 Thread 0x000002097fb96fd0 nmethod 10935 0x000002096e4a7610 code [0x000002096e4a77c0, 0x000002096e4a7998]
Event: 36.635 Thread 0x000002097fb96fd0 10936       3       org.hibernate.engine.spi.EffectiveEntityGraph::<init> (10 bytes)
Event: 36.635 Thread 0x000002097fb96fd0 nmethod 10936 0x000002096e4a7a90 code [0x000002096e4a7c20, 0x000002096e4a7d98]
Event: 36.637 Thread 0x000002097fb96fd0 10938 %     3       org.apache.tomcat.util.buf.MessageBytes::toBytesSimple @ 8 (105 bytes)
Event: 36.639 Thread 0x000002097fb96fd0 nmethod 10938% 0x000002096e4a7e90 code [0x000002096e4a80e0, 0x000002096e4a8e68]
Event: 36.639 Thread 0x000002097fb96fd0 10939 %     3       org.apache.coyote.http11.Http11OutputBuffer::write @ 28 (93 bytes)
Event: 36.639 Thread 0x000002097fb96fd0 nmethod 10939% 0x000002096e4a9390 code [0x000002096e4a9580, 0x000002096e4a9bd8]
Event: 36.645 Thread 0x000002097fb96fd0 10940   !   3       java.io.FileInputStream::close (69 bytes)
Event: 36.645 Thread 0x000002097fb96fd0 nmethod 10940 0x000002096e4a9e90 code [0x000002096e4aa080, 0x000002096e4aa5d8]
Event: 36.648 Thread 0x000002097fb96fd0 10941       3       org.springframework.web.servlet.HandlerInterceptor::afterCompletion (1 bytes)
Event: 36.648 Thread 0x000002097fb96fd0 nmethod 10941 0x000002096e4aa810 code [0x000002096e4aa9a0, 0x000002096e4aaab8]
Event: 36.655 Thread 0x000002097fb95c70 nmethod 10925 0x0000020975474210 code [0x00000209754743c0, 0x0000020975475038]
Event: 36.655 Thread 0x000002097fb95c70 10937       4       jdk.internal.loader.URLClassPath::findResource (38 bytes)

GC Heap History (20 events):
Event: 13.355 GC heap before
{Heap before GC invocations=36 (full 0):
 garbage-first heap   total 95232K, used 79972K [0x0000000083600000, 0x0000000100000000)
  region size 1024K, 38 young (38912K), 3 survivors (3072K)
 Metaspace       used 71615K, committed 72256K, reserved 1114112K
  class space    used 9690K, committed 9984K, reserved 1048576K
}
Event: 13.359 GC heap after
{Heap after GC invocations=37 (full 0):
 garbage-first heap   total 95232K, used 45397K [0x0000000083600000, 0x0000000100000000)
  region size 1024K, 4 young (4096K), 4 survivors (4096K)
 Metaspace       used 71615K, committed 72256K, reserved 1114112K
  class space    used 9690K, committed 9984K, reserved 1048576K
}
Event: 13.646 GC heap before
{Heap before GC invocations=37 (full 0):
 garbage-first heap   total 95232K, used 80213K [0x0000000083600000, 0x0000000100000000)
  region size 1024K, 38 young (38912K), 4 survivors (4096K)
 Metaspace       used 72305K, committed 72832K, reserved 1114112K
  class space    used 9749K, committed 9984K, reserved 1048576K
}
Event: 13.649 GC heap after
{Heap after GC invocations=38 (full 0):
 garbage-first heap   total 95232K, used 46274K [0x0000000083600000, 0x0000000100000000)
  region size 1024K, 4 young (4096K), 4 survivors (4096K)
 Metaspace       used 72305K, committed 72832K, reserved 1114112K
  class space    used 9749K, committed 9984K, reserved 1048576K
}
Event: 14.204 GC heap before
{Heap before GC invocations=38 (full 0):
 garbage-first heap   total 95232K, used 80066K [0x0000000083600000, 0x0000000100000000)
  region size 1024K, 37 young (37888K), 4 survivors (4096K)
 Metaspace       used 74611K, committed 75264K, reserved 1122304K
  class space    used 10045K, committed 10368K, reserved 1048576K
}
Event: 14.210 GC heap after
{Heap after GC invocations=39 (full 0):
 garbage-first heap   total 95232K, used 48292K [0x0000000083600000, 0x0000000100000000)
  region size 1024K, 5 young (5120K), 5 survivors (5120K)
 Metaspace       used 74611K, committed 75264K, reserved 1122304K
  class space    used 10045K, committed 10368K, reserved 1048576K
}
Event: 15.036 GC heap before
{Heap before GC invocations=40 (full 0):
 garbage-first heap   total 95232K, used 77988K [0x0000000083600000, 0x0000000100000000)
  region size 1024K, 34 young (34816K), 5 survivors (5120K)
 Metaspace       used 76719K, committed 77376K, reserved 1122304K
  class space    used 10349K, committed 10688K, reserved 1048576K
}
Event: 15.042 GC heap after
{Heap after GC invocations=41 (full 0):
 garbage-first heap   total 95232K, used 50395K [0x0000000083600000, 0x0000000100000000)
  region size 1024K, 5 young (5120K), 5 survivors (5120K)
 Metaspace       used 76719K, committed 77376K, reserved 1122304K
  class space    used 10349K, committed 10688K, reserved 1048576K
}
Event: 31.219 GC heap before
{Heap before GC invocations=41 (full 0):
 garbage-first heap   total 95232K, used 77019K [0x0000000083600000, 0x0000000100000000)
  region size 1024K, 32 young (32768K), 5 survivors (5120K)
 Metaspace       used 81676K, committed 82368K, reserved 1122304K
  class space    used 10982K, committed 11328K, reserved 1048576K
}
Event: 31.226 GC heap after
{Heap after GC invocations=42 (full 0):
 garbage-first heap   total 95232K, used 51346K [0x0000000083600000, 0x0000000100000000)
  region size 1024K, 2 young (2048K), 2 survivors (2048K)
 Metaspace       used 81676K, committed 82368K, reserved 1122304K
  class space    used 10982K, committed 11328K, reserved 1048576K
}
Event: 32.394 GC heap before
{Heap before GC invocations=43 (full 0):
 garbage-first heap   total 95232K, used 78994K [0x0000000083600000, 0x0000000100000000)
  region size 1024K, 29 young (29696K), 2 survivors (2048K)
 Metaspace       used 84287K, committed 84992K, reserved 1122304K
  class space    used 11295K, committed 11648K, reserved 1048576K
}
Event: 32.401 GC heap after
{Heap after GC invocations=44 (full 0):
 garbage-first heap   total 95232K, used 54191K [0x0000000083600000, 0x0000000100000000)
  region size 1024K, 4 young (4096K), 4 survivors (4096K)
 Metaspace       used 84287K, committed 84992K, reserved 1122304K
  class space    used 11295K, committed 11648K, reserved 1048576K
}
Event: 32.411 GC heap before
{Heap before GC invocations=44 (full 0):
 garbage-first heap   total 95232K, used 55215K [0x0000000083600000, 0x0000000100000000)
  region size 1024K, 5 young (5120K), 4 survivors (4096K)
 Metaspace       used 84307K, committed 85056K, reserved 1122304K
  class space    used 11295K, committed 11648K, reserved 1048576K
}
Event: 32.415 GC heap after
{Heap after GC invocations=45 (full 0):
 garbage-first heap   total 95232K, used 53986K [0x0000000083600000, 0x0000000100000000)
  region size 1024K, 1 young (1024K), 1 survivors (1024K)
 Metaspace       used 84307K, committed 85056K, reserved 1122304K
  class space    used 11295K, committed 11648K, reserved 1048576K
}
Event: 36.303 GC heap before
{Heap before GC invocations=45 (full 0):
 garbage-first heap   total 95232K, used 77538K [0x0000000083600000, 0x0000000100000000)
  region size 1024K, 24 young (24576K), 1 survivors (1024K)
 Metaspace       used 84973K, committed 85632K, reserved 1130496K
  class space    used 11361K, committed 11712K, reserved 1048576K
}
Event: 36.305 GC heap after
{Heap after GC invocations=46 (full 0):
 garbage-first heap   total 95232K, used 54428K [0x0000000083600000, 0x0000000100000000)
  region size 1024K, 1 young (1024K), 1 survivors (1024K)
 Metaspace       used 84973K, committed 85632K, reserved 1130496K
  class space    used 11361K, committed 11712K, reserved 1048576K
}
Event: 36.563 GC heap before
{Heap before GC invocations=47 (full 0):
 garbage-first heap   total 107520K, used 79004K [0x0000000083600000, 0x0000000100000000)
  region size 1024K, 25 young (25600K), 1 survivors (1024K)
 Metaspace       used 85128K, committed 85824K, reserved 1130496K
  class space    used 11360K, committed 11712K, reserved 1048576K
}
Event: 36.566 GC heap after
{Heap after GC invocations=48 (full 0):
 garbage-first heap   total 107520K, used 54365K [0x0000000083600000, 0x0000000100000000)
  region size 1024K, 1 young (1024K), 1 survivors (1024K)
 Metaspace       used 85128K, committed 85824K, reserved 1130496K
  class space    used 11360K, committed 11712K, reserved 1048576K
}
Event: 36.612 GC heap before
{Heap before GC invocations=48 (full 0):
 garbage-first heap   total 107520K, used 58461K [0x0000000083600000, 0x0000000100000000)
  region size 1024K, 5 young (5120K), 1 survivors (1024K)
 Metaspace       used 85145K, committed 85888K, reserved 1130496K
  class space    used 11360K, committed 11712K, reserved 1048576K
}
Event: 36.617 GC heap after
{Heap after GC invocations=49 (full 0):
 garbage-first heap   total 215040K, used 53875K [0x0000000083600000, 0x0000000100000000)
  region size 1024K, 1 young (1024K), 1 survivors (1024K)
 Metaspace       used 85145K, committed 85888K, reserved 1130496K
  class space    used 11360K, committed 11712K, reserved 1048576K
}

Deoptimization events (20 events):
Event: 36.649 Thread 0x0000020908ef0b80 DEOPT PACKING pc=0x000002096e417cf4 sp=0x0000009bb42feb70
Event: 36.649 Thread 0x0000020908ef0b80 DEOPT UNPACKING pc=0x00000209748b66e3 sp=0x0000009bb42fe0b8 mode 1
Event: 36.649 Thread 0x0000020908ef0b80 DEOPT PACKING pc=0x000002096e427154 sp=0x0000009bb42fec80
Event: 36.649 Thread 0x0000020908ef0b80 DEOPT UNPACKING pc=0x00000209748b66e3 sp=0x0000009bb42fe178 mode 1
Event: 36.649 Thread 0x0000020908ef0b80 DEOPT PACKING pc=0x000002096e41de74 sp=0x0000009bb42fed20
Event: 36.649 Thread 0x0000020908ef0b80 DEOPT UNPACKING pc=0x00000209748b66e3 sp=0x0000009bb42fe220 mode 1
Event: 36.649 Thread 0x0000020908ef0b80 DEOPT PACKING pc=0x000002096e37b7fc sp=0x0000009bb42fee20
Event: 36.650 Thread 0x0000020908ef0b80 DEOPT UNPACKING pc=0x00000209748b66e3 sp=0x0000009bb42fe2a0 mode 1
Event: 36.650 Thread 0x0000020908ef0b80 DEOPT PACKING pc=0x000002096e37c3f4 sp=0x0000009bb42feeb0
Event: 36.650 Thread 0x0000020908ef0b80 DEOPT UNPACKING pc=0x00000209748b66e3 sp=0x0000009bb42fe338 mode 1
Event: 36.650 Thread 0x0000020908ef0b80 DEOPT PACKING pc=0x000002096e4455c4 sp=0x0000009bb42fef60
Event: 36.650 Thread 0x0000020908ef0b80 DEOPT UNPACKING pc=0x00000209748b66e3 sp=0x0000009bb42fe430 mode 1
Event: 36.650 Thread 0x0000020908ef0b80 DEOPT PACKING pc=0x000002096e37d66c sp=0x0000009bb42fefe0
Event: 36.650 Thread 0x0000020908ef0b80 DEOPT UNPACKING pc=0x00000209748b66e3 sp=0x0000009bb42fe498 mode 1
Event: 36.650 Thread 0x0000020908ef0b80 DEOPT PACKING pc=0x000002096e37d1b4 sp=0x0000009bb42ff040
Event: 36.650 Thread 0x0000020908ef0b80 DEOPT UNPACKING pc=0x00000209748b66e3 sp=0x0000009bb42fe510 mode 1
Event: 36.650 Thread 0x0000020908ef0b80 DEOPT PACKING pc=0x000002096e421e1c sp=0x0000009bb42ff0c0
Event: 36.650 Thread 0x0000020908ef0b80 DEOPT UNPACKING pc=0x00000209748b66e3 sp=0x0000009bb42fe580 mode 1
Event: 36.650 Thread 0x0000020908ef0b80 DEOPT PACKING pc=0x000002096e37cd5c sp=0x0000009bb42ff130
Event: 36.650 Thread 0x0000020908ef0b80 DEOPT UNPACKING pc=0x00000209748b66e3 sp=0x0000009bb42fe5f8 mode 1

Classes unloaded (16 events):
Event: 31.298 Thread 0x000002097fb74fe0 Unloading class 0x00000008015c8800 'jdk/internal/reflect/GeneratedSerializationConstructorAccessor26'
Event: 31.298 Thread 0x000002097fb74fe0 Unloading class 0x00000008015c8400 'jdk/internal/reflect/GeneratedSerializationConstructorAccessor25'
Event: 31.298 Thread 0x000002097fb74fe0 Unloading class 0x00000008015c8000 'jdk/internal/reflect/GeneratedSerializationConstructorAccessor24'
Event: 31.298 Thread 0x000002097fb74fe0 Unloading class 0x00000008015c3800 'jdk/internal/reflect/GeneratedSerializationConstructorAccessor23'
Event: 31.298 Thread 0x000002097fb74fe0 Unloading class 0x00000008015c3400 'jdk/internal/reflect/GeneratedSerializationConstructorAccessor22'
Event: 31.298 Thread 0x000002097fb74fe0 Unloading class 0x00000008015c2c00 'jdk/internal/reflect/GeneratedSerializationConstructorAccessor21'
Event: 31.298 Thread 0x000002097fb74fe0 Unloading class 0x00000008015c2400 'jdk/internal/reflect/GeneratedSerializationConstructorAccessor20'
Event: 31.298 Thread 0x000002097fb74fe0 Unloading class 0x00000008015bdc00 'jdk/internal/reflect/GeneratedSerializationConstructorAccessor19'
Event: 31.298 Thread 0x000002097fb74fe0 Unloading class 0x00000008015bd800 'jdk/internal/reflect/GeneratedSerializationConstructorAccessor18'
Event: 31.298 Thread 0x000002097fb74fe0 Unloading class 0x00000008015bd400 'jdk/internal/reflect/GeneratedSerializationConstructorAccessor17'
Event: 31.298 Thread 0x000002097fb74fe0 Unloading class 0x00000008015bc800 'jdk/internal/reflect/GeneratedSerializationConstructorAccessor16'
Event: 31.298 Thread 0x000002097fb74fe0 Unloading class 0x00000008015bc400 'jdk/internal/reflect/GeneratedSerializationConstructorAccessor15'
Event: 31.298 Thread 0x000002097fb74fe0 Unloading class 0x00000008015bc000 'jdk/internal/reflect/GeneratedSerializationConstructorAccessor14'
Event: 36.391 Thread 0x000002097fb74fe0 Unloading class 0x0000000801760000 'java/lang/invoke/LambdaForm$DMH+0x0000000801760000'
Event: 36.391 Thread 0x000002097fb74fe0 Unloading class 0x00000008015d8400 'jdk/internal/reflect/GeneratedSerializationConstructorAccessor28'
Event: 36.391 Thread 0x000002097fb74fe0 Unloading class 0x00000008015d8000 'jdk/internal/reflect/GeneratedSerializationConstructorAccessor27'

Classes redefined (0 events):
No events

Internal exceptions (20 events):
Event: 12.383 Thread 0x0000020905703190 Exception <a 'java/lang/reflect/InvocationTargetException'{0x00000000869a7f40}> (0x00000000869a7f40) 
thrown [s\open\src\hotspot\share\runtime\reflection.cpp, line 1121]
Event: 12.418 Thread 0x0000020905703190 Exception <a 'java/lang/reflect/InvocationTargetException'{0x0000000089f3e928}> (0x0000000089f3e928) 
thrown [s\open\src\hotspot\share\runtime\reflection.cpp, line 1121]
Event: 13.619 Thread 0x0000020905703190 Implicit null exception at 0x0000020974f197c4 to 0x0000020974f19c23
Event: 14.147 Thread 0x0000020905703190 Exception <a 'sun/nio/fs/WindowsException'{0x0000000087534088}> (0x0000000087534088) 
thrown [s\open\src\hotspot\share\prims\jni.cpp, line 516]
Event: 14.242 Thread 0x0000020905703190 Exception <a 'java/lang/IncompatibleClassChangeError'{0x0000000089f84728}: Found class java.lang.Object, but interface was expected> (0x0000000089f84728) 
thrown [s\open\src\hotspot\share\interpreter\linkResolver.cpp, line 826]
Event: 14.411 Thread 0x0000020905703190 Exception <a 'java/lang/NoSuchMethodError'{0x0000000088a565c8}: 'java.lang.Object java.lang.invoke.DirectMethodHandle$Holder.invokeInterface(java.lang.Object, java.lang.Object, java.lang.Object, java.lang.Object)'> (0x0000000088a565c8) 
thrown [s\open\src\hotspot\share\interpreter\linkResolver.cpp, line 759]
Event: 14.477 Thread 0x0000020905703190 Exception <a 'java/lang/NoSuchMethodError'{0x00000000888aa070}: 'void java.lang.invoke.DirectMethodHandle$Holder.invokeVirtual(java.lang.Object, java.lang.Object, long)'> (0x00000000888aa070) 
thrown [s\open\src\hotspot\share\interpreter\linkResolver.cpp, line 759]
Event: 14.595 Thread 0x0000020905703190 Implicit null exception at 0x0000020975057b53 to 0x00000209750582e6
Event: 15.013 Thread 0x0000020905703190 Exception <a 'java/lang/NoSuchMethodError'{0x00000000878ce358}: 'java.lang.Object java.lang.invoke.DirectMethodHandle$Holder.newInvokeSpecial(java.lang.Object, java.lang.Object, int, java.lang.Object, java.lang.Object)'> (0x00000000878ce358) 
thrown [s\open\src\hotspot\share\interpreter\linkResolver.cpp, line 759]
Event: 15.014 Thread 0x0000020905703190 Exception <a 'java/lang/NoSuchMethodError'{0x00000000878d98d8}: 'java.lang.Object java.lang.invoke.DirectMethodHandle$Holder.invokeSpecial(java.lang.Object, java.lang.Object, int, java.lang.Object, int, java.lang.Object)'> (0x00000000878d98d8) 
thrown [s\open\src\hotspot\share\interpreter\linkResolver.cpp, line 759]
Event: 15.015 Thread 0x0000020905703190 Exception <a 'java/lang/NoSuchMethodError'{0x00000000878e1988}: 'java.lang.Object java.lang.invoke.DirectMethodHandle$Holder.newInvokeSpecial(java.lang.Object, java.lang.Object, int, java.lang.Object, int)'> (0x00000000878e1988) 
thrown [s\open\src\hotspot\share\interpreter\linkResolver.cpp, line 759]
Event: 15.016 Thread 0x0000020905703190 Exception <a 'java/lang/NoSuchMethodError'{0x00000000878e5a88}: 'java.lang.Object java.lang.invoke.DirectMethodHandle$Holder.invokeSpecial(java.lang.Object, java.lang.Object, java.lang.Object, int, java.lang.Object, int)'> (0x00000000878e5a88) 
thrown [s\open\src\hotspot\share\interpreter\linkResolver.cpp, line 759]
Event: 20.305 Thread 0x0000020908eedb60 Exception <a 'java/lang/NoSuchMethodError'{0x0000000089ae3978}: 'java.lang.Object java.lang.invoke.DirectMethodHandle$Holder.invokeSpecial(java.lang.Object, java.lang.Object, java.lang.Object, java.lang.Object, java.lang.Object, long)'> (0x0000000089ae3978) 
thrown [s\open\src\hotspot\share\interpreter\linkResolver.cpp, line 759]
Event: 20.305 Thread 0x0000020908eedb60 Exception <a 'java/lang/NoSuchMethodError'{0x0000000089ae7600}: 'java.lang.Object java.lang.invoke.Invokers$Holder.linkToTargetMethod(java.lang.Object, java.lang.Object, java.lang.Object, long, java.lang.Object)'> (0x0000000089ae7600) 
thrown [s\open\src\hotspot\share\interpreter\linkResolver.cpp, line 759]
Event: 30.858 Thread 0x0000020908eedb60 Exception <a 'java/lang/NoSuchMethodError'{0x000000008808cfa8}: 'void java.lang.invoke.DirectMethodHandle$Holder.invokeSpecialIFC(java.lang.Object, java.lang.Object, int, java.lang.Object, java.lang.Object, java.lang.Object, java.lang.Object)'> (0x000000008808cfa8) 
thrown [s\open\src\hotspot\share\interpreter\linkResolver.cpp, line 759]
Event: 32.172 Thread 0x0000020908ef06b0 Exception <a 'java/lang/NoSuchMethodError'{0x0000000088226198}: 'java.lang.Object java.lang.invoke.DirectMethodHandle$Holder.invokeStatic(java.lang.Object, int, int)'> (0x0000000088226198) 
thrown [s\open\src\hotspot\share\interpreter\linkResolver.cpp, line 759]
Event: 32.172 Thread 0x0000020908ef2390 Exception <a 'java/lang/NoSuchMethodError'{0x0000000088245c20}: 'java.lang.Object java.lang.invoke.DirectMethodHandle$Holder.invokeStatic(java.lang.Object, int, int)'> (0x0000000088245c20) 
thrown [s\open\src\hotspot\share\interpreter\linkResolver.cpp, line 759]
Event: 36.175 Thread 0x0000020908eee030 Exception <a 'java/lang/IncompatibleClassChangeError'{0x0000000087f13ec0}: Found class java.lang.Object, but interface was expected> (0x0000000087f13ec0) 
thrown [s\open\src\hotspot\share\interpreter\linkResolver.cpp, line 826]
Event: 36.641 Thread 0x0000020908ef0b80 Exception <a 'java/io/IOException'{0x00000000903374d0}> (0x00000000903374d0) 
thrown [s\open\src\hotspot\share\prims\jni.cpp, line 516]
Event: 36.649 Thread 0x0000020908ef0b80 Exception <a 'java/io/IOException'{0x0000000090348260}> (0x0000000090348260) 
thrown [s\open\src\hotspot\share\prims\jni.cpp, line 516]

VM Operations (20 events):
Event: 32.328 Executing VM operation: ICBufferFull
Event: 32.372 Executing VM operation: ICBufferFull done
Event: 32.394 Executing VM operation: G1CollectForAllocation
Event: 32.406 Executing VM operation: G1CollectForAllocation done
Event: 32.410 Executing VM operation: G1CollectForAllocation
Event: 32.416 Executing VM operation: G1CollectForAllocation done
Event: 33.423 Executing VM operation: Cleanup
Event: 33.424 Executing VM operation: Cleanup done
Event: 36.303 Executing VM operation: G1CollectForAllocation
Event: 36.308 Executing VM operation: G1CollectForAllocation done
Event: 36.391 Executing VM operation: G1Concurrent
Event: 36.421 Executing VM operation: G1Concurrent done
Event: 36.448 Executing VM operation: Cleanup
Event: 36.449 Executing VM operation: Cleanup done
Event: 36.459 Executing VM operation: G1Concurrent
Event: 36.474 Executing VM operation: G1Concurrent done
Event: 36.562 Executing VM operation: G1CollectForAllocation
Event: 36.572 Executing VM operation: G1CollectForAllocation done
Event: 36.612 Executing VM operation: G1CollectForAllocation
Event: 36.621 Executing VM operation: G1CollectForAllocation done

Events (20 events):
Event: 36.219 loading class org/hibernate/sql/ast/spi/FromClauseAccess
Event: 36.219 loading class org/hibernate/sql/ast/spi/FromClauseAccess done
Event: 36.219 loading class org/hibernate/query/sqm/internal/ConcreteSqmSelectQueryPlan$1
Event: 36.219 loading class org/hibernate/query/sqm/internal/ConcreteSqmSelectQueryPlan$1 done
Event: 36.231 loading class org/springframework/validation/DefaultMessageCodesResolver
Event: 36.231 loading class org/springframework/validation/DefaultMessageCodesResolver done
Event: 36.232 loading class org/springframework/validation/DefaultMessageCodesResolver$Format$1
Event: 36.232 loading class org/springframework/validation/DefaultMessageCodesResolver$Format$1 done
Event: 36.233 loading class org/springframework/validation/DefaultMessageCodesResolver$Format$2
Event: 36.233 loading class org/springframework/validation/DefaultMessageCodesResolver$Format$2 done
Event: 36.233 loading class org/springframework/beans/PropertyAccessorFactory
Event: 36.233 loading class org/springframework/beans/PropertyAccessorFactory done
Event: 36.266 loading class org/hibernate/collection/spi/AbstractPersistentCollection
Event: 36.266 loading class org/hibernate/collection/spi/AbstractPersistentCollection done
Event: 36.645 loading class org/springframework/web/servlet/ModelAndViewDefiningException
Event: 36.645 loading class org/springframework/web/servlet/ModelAndViewDefiningException done
Event: 36.646 loading class org/springframework/web/server/ResponseStatusException
Event: 36.646 loading class org/springframework/web/server/ResponseStatusException done
Event: 36.647 loading class org/springframework/web/ErrorResponseException
Event: 36.647 loading class org/springframework/web/ErrorResponseException done


Dynamic libraries:
0x00007ff6a4640000 - 0x00007ff6a4650000 	C:\Program Files\Java\jdk-17\bin\java.exe
0x00007ff9f9ab0000 - 0x00007ff9f9cc7000 	C:\WINDOWS\SYSTEM32\ntdll.dll
0x00007ff9f81a0000 - 0x00007ff9f8264000 	C:\WINDOWS\System32\KERNEL32.DLL
0x00007ff9f7190000 - 0x00007ff9f7536000 	C:\WINDOWS\System32\KERNELBASE.dll
0x00007ff9f7070000 - 0x00007ff9f7181000 	C:\WINDOWS\System32\ucrtbase.dll
0x00007ff9d1450000 - 0x00007ff9d146b000 	C:\Program Files\Java\jdk-17\bin\VCRUNTIME140.dll
0x00007ff9c4e00000 - 0x00007ff9c4e18000 	C:\Program Files\Java\jdk-17\bin\jli.dll
0x00007ff9f9310000 - 0x00007ff9f93c3000 	C:\WINDOWS\System32\ADVAPI32.dll
0x00007ff9f9720000 - 0x00007ff9f97c7000 	C:\WINDOWS\System32\msvcrt.dll
0x00007ff9f9220000 - 0x00007ff9f92c8000 	C:\WINDOWS\System32\sechost.dll
0x00007ff9f7540000 - 0x00007ff9f7568000 	C:\WINDOWS\System32\bcrypt.dll
0x00007ff9f93d0000 - 0x00007ff9f94e7000 	C:\WINDOWS\System32\RPCRT4.dll
0x00007ff9f7c50000 - 0x00007ff9f7dfe000 	C:\WINDOWS\System32\USER32.dll
0x00007ff9f7750000 - 0x00007ff9f7776000 	C:\WINDOWS\System32\win32u.dll
0x00007ff9d18b0000 - 0x00007ff9d1b43000 	C:\WINDOWS\WinSxS\amd64_microsoft.windows.common-controls_6595b64144ccf1df_6.0.22621.2506_none_270c5ae97388e100\COMCTL32.dll
0x00007ff9f92e0000 - 0x00007ff9f9309000 	C:\WINDOWS\System32\GDI32.dll
0x00007ff9f7630000 - 0x00007ff9f7748000 	C:\WINDOWS\System32\gdi32full.dll
0x00007ff9f6df0000 - 0x00007ff9f6e8a000 	C:\WINDOWS\System32\msvcp_win.dll
0x00007ff9eeeb0000 - 0x00007ff9eeeba000 	C:\WINDOWS\SYSTEM32\VERSION.dll
0x00007ff9f97d0000 - 0x00007ff9f9801000 	C:\WINDOWS\System32\IMM32.DLL
0x00007ff9d2c90000 - 0x00007ff9d2c9c000 	C:\Program Files\Java\jdk-17\bin\vcruntime140_1.dll
0x00007ff9af3f0000 - 0x00007ff9af47e000 	C:\Program Files\Java\jdk-17\bin\msvcp140.dll
0x00007ff958d90000 - 0x00007ff959967000 	C:\Program Files\Java\jdk-17\bin\server\jvm.dll
0x00007ff9f7e00000 - 0x00007ff9f7e08000 	C:\WINDOWS\System32\PSAPI.DLL
0x00007ff9deb40000 - 0x00007ff9deb49000 	C:\WINDOWS\SYSTEM32\WSOCK32.dll
0x00007ff9eeff0000 - 0x00007ff9ef024000 	C:\WINDOWS\SYSTEM32\WINMM.dll
0x00007ff9f82c0000 - 0x00007ff9f8331000 	C:\WINDOWS\System32\WS2_32.dll
0x00007ff9f5ee0000 - 0x00007ff9f5ef8000 	C:\WINDOWS\SYSTEM32\kernel.appcore.dll
0x00007ff9c4df0000 - 0x00007ff9c4dfa000 	C:\Program Files\Java\jdk-17\bin\jimage.dll
0x00007ff9f3dc0000 - 0x00007ff9f3ff3000 	C:\WINDOWS\SYSTEM32\DBGHELP.DLL
0x00007ff9f7e10000 - 0x00007ff9f8199000 	C:\WINDOWS\System32\combase.dll
0x00007ff9f7950000 - 0x00007ff9f7a27000 	C:\WINDOWS\System32\OLEAUT32.dll
0x00007ff9e8950000 - 0x00007ff9e8982000 	C:\WINDOWS\SYSTEM32\dbgcore.DLL
0x00007ff9f7780000 - 0x00007ff9f77fa000 	C:\WINDOWS\System32\bcryptPrimitives.dll
0x00007ff9bbff0000 - 0x00007ff9bc02b000 	C:\Program Files\Java\jdk-17\bin\jdwp.dll
0x00007ff9bc560000 - 0x00007ff9bc56e000 	C:\Program Files\Java\jdk-17\bin\instrument.dll
0x00007ff9bec80000 - 0x00007ff9beca5000 	C:\Program Files\Java\jdk-17\bin\java.dll
0x00007ff9be630000 - 0x00007ff9be648000 	C:\Program Files\Java\jdk-17\bin\zip.dll
0x00007ff9ab550000 - 0x00007ff9ab627000 	C:\Program Files\Java\jdk-17\bin\jsvml.dll
0x00007ff9f8350000 - 0x00007ff9f8baa000 	C:\WINDOWS\System32\SHELL32.dll
0x00007ff9f4cf0000 - 0x00007ff9f55e6000 	C:\WINDOWS\SYSTEM32\windows.storage.dll
0x00007ff9f4bb0000 - 0x00007ff9f4cee000 	C:\WINDOWS\SYSTEM32\wintypes.dll
0x00007ff9f9570000 - 0x00007ff9f9663000 	C:\WINDOWS\System32\SHCORE.dll
0x00007ff9f7bf0000 - 0x00007ff9f7c4e000 	C:\WINDOWS\System32\shlwapi.dll
0x00007ff9f6d20000 - 0x00007ff9f6d46000 	C:\WINDOWS\SYSTEM32\profapi.dll
0x00007ff9bc550000 - 0x00007ff9bc55c000 	C:\Program Files\Java\jdk-17\bin\dt_socket.dll
0x00007ff9f5840000 - 0x00007ff9f586d000 	C:\WINDOWS\SYSTEM32\IPHLPAPI.DLL
0x00007ff9f6390000 - 0x00007ff9f63f9000 	C:\WINDOWS\system32\mswsock.dll
0x00007ff9be9c0000 - 0x00007ff9be9d9000 	C:\Program Files\Java\jdk-17\bin\net.dll
0x00007ff9f1150000 - 0x00007ff9f1287000 	C:\WINDOWS\SYSTEM32\WINHTTP.dll
0x00007ff9be960000 - 0x00007ff9be976000 	C:\Program Files\Java\jdk-17\bin\nio.dll
0x00007ff9f18f0000 - 0x00007ff9f18fa000 	C:\Program Files\Java\jdk-17\bin\management.dll
0x00007ff9e04d0000 - 0x00007ff9e04db000 	C:\Program Files\Java\jdk-17\bin\management_ext.dll
0x00007ff9f65e0000 - 0x00007ff9f65fb000 	C:\WINDOWS\SYSTEM32\CRYPTSP.dll
0x00007ff9f5dc0000 - 0x00007ff9f5df5000 	C:\WINDOWS\system32\rsaenh.dll
0x00007ff9f6480000 - 0x00007ff9f64ac000 	C:\WINDOWS\SYSTEM32\USERENV.dll
0x00007ff9f6600000 - 0x00007ff9f660c000 	C:\WINDOWS\SYSTEM32\CRYPTBASE.dll
0x00007ff9f8340000 - 0x00007ff9f8349000 	C:\WINDOWS\System32\NSI.dll
0x00007ff9f0640000 - 0x00007ff9f0659000 	C:\WINDOWS\SYSTEM32\dhcpcsvc6.DLL
0x00007ff9f0590000 - 0x00007ff9f05af000 	C:\WINDOWS\SYSTEM32\dhcpcsvc.DLL
0x00007ff9f5870000 - 0x00007ff9f5969000 	C:\WINDOWS\SYSTEM32\DNSAPI.dll
0x00007ff9e04c0000 - 0x00007ff9e04cd000 	C:\Program Files\Java\jdk-17\bin\sunmscapi.dll
0x00007ff9f6f00000 - 0x00007ff9f7066000 	C:\WINDOWS\System32\CRYPT32.dll
0x00007ff9f6780000 - 0x00007ff9f67ae000 	C:\WINDOWS\SYSTEM32\ncrypt.dll
0x00007ff9f6740000 - 0x00007ff9f6777000 	C:\WINDOWS\SYSTEM32\NTASN1.dll
0x00007ff9be620000 - 0x00007ff9be630000 	C:\Program Files\Java\jdk-17\bin\verify.dll
0x00007ff9bf180000 - 0x00007ff9bf197000 	C:\WINDOWS\system32\napinsp.dll
0x00007ff9be5f0000 - 0x00007ff9be60b000 	C:\WINDOWS\system32\pnrpnsp.dll
0x00007ff9be0c0000 - 0x00007ff9be0d1000 	C:\WINDOWS\System32\winrnr.dll
0x00007ff9e5d10000 - 0x00007ff9e5d25000 	C:\WINDOWS\system32\wshbth.dll
0x00007ff9be920000 - 0x00007ff9be941000 	C:\WINDOWS\system32\nlansp_c.dll
0x0000000050600000 - 0x0000000050626000 	C:\Program Files\Bonjour\mdnsNSP.dll
0x00007ff9ef220000 - 0x00007ff9ef22a000 	C:\Windows\System32\rasadhlp.dll
0x00007ff9eec70000 - 0x00007ff9eecf3000 	C:\WINDOWS\System32\fwpuclnt.dll
0x00007ff9d4840000 - 0x00007ff9d4848000 	C:\WINDOWS\system32\wshunix.dll

dbghelp: loaded successfully - version: 4.0.5 - missing functions: none
symbol engine: initialized successfully - sym options: 0x614 - pdb path: .;C:\Program Files\Java\jdk-17\bin;C:\WINDOWS\SYSTEM32;C:\WINDOWS\WinSxS\amd64_microsoft.windows.common-controls_6595b64144ccf1df_6.0.22621.2506_none_270c5ae97388e100;C:\Program Files\Java\jdk-17\bin\server;C:\Program Files\Bonjour

VM Arguments:
jvm_args: -agentlib:jdwp=transport=dt_socket,address=127.0.0.1:51554,suspend=y,server=n -javaagent:C:\Users\TGDD\AppData\Local\JetBrains\IdeaIE2022.2\captureAgent\debugger-agent.jar -Dfile.encoding=UTF-8 
java_command: com.poly.WebBanTiViApplication
java_class_path (initial): C:\Users\TGDD\OneDrive\My tnh\WebBanTiVi\webBanTiVi\target\classes;C:\Users\TGDD\.m2\repository\org\springframework\boot\spring-boot-starter-validation\3.1.4\spring-boot-starter-validation-3.1.4.jar;C:\Users\TGDD\.m2\repository\org\springframework\boot\spring-boot-starter\3.1.4\spring-boot-starter-3.1.4.jar;C:\Users\TGDD\.m2\repository\org\springframework\boot\spring-boot-starter-logging\3.1.4\spring-boot-starter-logging-3.1.4.jar;C:\Users\TGDD\.m2\repository\ch\qos\logback\logback-classic\1.4.11\logback-classic-1.4.11.jar;C:\Users\TGDD\.m2\repository\ch\qos\logback\logback-core\1.4.11\logback-core-1.4.11.jar;C:\Users\TGDD\.m2\repository\org\apache\logging\log4j\log4j-to-slf4j\2.20.0\log4j-to-slf4j-2.20.0.jar;C:\Users\TGDD\.m2\repository\org\apache\logging\log4j\log4j-api\2.20.0\log4j-api-2.20.0.jar;C:\Users\TGDD\.m2\repository\org\slf4j\jul-to-slf4j\2.0.9\jul-to-slf4j-2.0.9.jar;C:\Users\TGDD\.m2\repository\jakarta\annotation\jakarta.annotation-api\2.1.1\jakarta.annotation-api-2.1.1.jar;C:\Users\TGDD\.m2\repository\org\yaml\snakeyaml\1.33\snakeyaml-1.33.jar;C:\Users\TGDD\.m2\repository\org\apache\tomcat\embed\tomcat-embed-el\10.1.13\tomcat-embed-el-10.1.13.jar;C:\Users\TGDD\.m2\repository\org\hibernate\validator\hibernate-validator\8.0.1.Final\hibernate-validator-8.0.1.Final.jar;C:\Users\TGDD\.m2\repository\jakarta\validation\jakarta.validation-api\3.0.2\jakarta.validation-api-3.0.2.jar;C:\Users\TGDD\.m2\repository\org\jboss\logging\jboss-logging\3.5.3.Final\jboss-logging-3.5.3.Final.jar;C:\Users\TGDD\.m2\repository\com\fasterxml\classmate\1.5.1\classmate-1.5.1.jar;C:\Users\TGDD\.m2\repository\org\springframework\boot\spring-boot-devtools\3.1.4\spring-boot-devtools-3.1.4.jar;C:\Users\TGDD\.m2\repository\org\springframework\boot\spring-boot\3.1.4\spring-boot-3.1.4.jar;C:\Users\TGDD\.m2\repository\org\springframework\boot\spring-boot-autoconfigure\3.1.4\spring-boot-autoconfigure-3.1.4.jar;C:\Users\TGDD\.m2\repository\org\springframework\
Launcher Type: SUN_STANDARD

[Global flags]
     intx CICompilerCount                          = 4                                         {product} {ergonomic}
     uint ConcGCThreads                            = 2                                         {product} {ergonomic}
     uint G1ConcRefinementThreads                  = 8                                         {product} {ergonomic}
   size_t G1HeapRegionSize                         = 1048576                                   {product} {ergonomic}
    uintx GCDrainStackTargetSize                   = 64                                        {product} {ergonomic}
   size_t InitialHeapSize                          = 132120576                                 {product} {ergonomic}
   size_t MarkStackSize                            = 4194304                                   {product} {ergonomic}
   size_t MaxHeapSize                              = 2090860544                                {product} {ergonomic}
   size_t MaxNewSize                               = 1254096896                                {product} {ergonomic}
   size_t MinHeapDeltaBytes                        = 1048576                                   {product} {ergonomic}
   size_t MinHeapSize                              = 8388608                                   {product} {ergonomic}
    uintx NonNMethodCodeHeapSize                   = 5839372                                {pd product} {ergonomic}
    uintx NonProfiledCodeHeapSize                  = 122909434                              {pd product} {ergonomic}
    uintx ProfiledCodeHeapSize                     = 122909434                              {pd product} {ergonomic}
    uintx ReservedCodeCacheSize                    = 251658240                              {pd product} {ergonomic}
     bool SegmentedCodeCache                       = true                                      {product} {ergonomic}
   size_t SoftMaxHeapSize                          = 2090860544                             {manageable} {ergonomic}
     bool UseCompressedClassPointers               = true                           {product lp64_product} {ergonomic}
     bool UseCompressedOops                        = true                           {product lp64_product} {ergonomic}
     bool UseG1GC                                  = true                                      {product} {ergonomic}
     bool UseLargePagesIndividualAllocation        = false                                  {pd product} {ergonomic}

Logging:
Log output configuration:
 #0: stdout all=warning uptime,level,tags
 #1: stderr all=off uptime,level,tags

Environment Variables:
JAVA_HOME=C:\Program Files\Java\jdk-17.0.2
PATH=C:\Program Files\Microsoft MPI\Bin\;C:\Program Files\Common Files\Oracle\Java\javapath;C:\platform-tools;C:\Program Files\Java\jdk-17.0.2\bin;C:\WINDOWS\system32;C:\WINDOWS;C:\WINDOWS\System32\Wbem;C:\WINDOWS\System32\WindowsPowerShell\v1.0\;C:\WINDOWS\System32\OpenSSH\;C:\Users\TGDD\AppData\Roaming\nvm;C:\Program Files\nodejs;C:\Program Files\Git\cmd;C:\Program Files\Docker\Docker\resources\bin;C:\Program Files\Microsoft SQL Server\Client SDK\ODBC\170\Tools\Binn\;C:\Program Files\dotnet\;C:\Program Files (x86)\Microsoft SQL Server\160\Tools\Binn\;C:\Program Files\Microsoft SQL Server\160\Tools\Binn\;C:\Program Files\Microsoft SQL Server\160\DTS\Binn\;C:\Program Files\Azure Data Studio\bin;C:\Program Files (x86)\Microsoft SQL Server\160\DTS\Binn\;C:\Users\TGDD\AppData\Local\Microsoft\WindowsApps;C:\Program Files\JetBrains\IntelliJ IDEA 2021.1.3\bin;;C:\Program Files\Azure Data Studio\bin;E:\Microsoft VS Code\bin;C:\Users\TGDD\AppData\Roaming\npm;C:\Users\TGDD\AppData\Roaming\nvm;C:\Program Files\nodejs;C:\Users\TGDD\.dotnet\tools;C:\Program Files\Azure Data Studio\bin
USERNAME=TGDD
OS=Windows_NT
PROCESSOR_IDENTIFIER=Intel64 Family 6 Model 140 Stepping 1, GenuineIntel



---------------  S Y S T E M  ---------------

OS:
 Windows 11 , 64 bit Build 22621 (10.0.22621.2506)
OS uptime: 0 days 1:48 hours
Hyper-V role detected

CPU: total 8 (initial active 8) (4 cores per cpu, 2 threads per core) family 6 model 140 stepping 1 microcode 0x86, cx8, cmov, fxsr, ht, mmx, 3dnowpref, sse, sse2, sse3, ssse3, sse4.1, sse4.2, popcnt, lzcnt, tsc, tscinvbit, avx, avx2, aes, erms, clmul, bmi1, bmi2, adx, avx512f, avx512dq, avx512cd, avx512bw, avx512vl, sha, fma, vzeroupper, avx512_vpopcntdq, avx512_vpclmulqdq, avx512_vaes, avx512_vnni, clflush, clflushopt, clwb, avx512_vbmi2, avx512_vbmi, hv

Memory: 4k page, system-wide physical 7975M (318M free)
TotalPageFile size 16167M (AvailPageFile size 2M)
current process WorkingSet (physical memory assigned to process): 357M, peak: 380M
current process commit charge ("private bytes"): 504M, peak: 508M

vm_info: Java HotSpot(TM) 64-Bit Server VM (17.0.6+9-LTS-190) for windows-amd64 JRE (17.0.6+9-LTS-190), built on Dec  6 2022 15:53:54 by "mach5one" with MS VC++ 17.1 (VS2022)

END.
